{"C:\\Entwicklung\\AngularCliUpdateAll\\src\\cli.ts": {"path":"C:\\Entwicklung\\AngularCliUpdateAll\\src\\cli.ts","statementMap":{"0":{"start":{"line":3,"column":0},"end":{"line":3,"column":45}},"1":{"start":{"line":4,"column":0},"end":{"line":4,"column":46}},"2":{"start":{"line":6,"column":21},"end":{"line":6,"column":33}},"3":{"start":{"line":6,"column":17},"end":{"line":6,"column":21}},"4":{"start":{"line":9,"column":4},"end":{"line":12,"column":null}},"5":{"start":{"line":10,"column":6},"end":{"line":10,"column":null}},"6":{"start":{"line":11,"column":6},"end":{"line":11,"column":19}},"7":{"start":{"line":13,"column":4},"end":{"line":13,"column":16}},"8":{"start":{"line":8,"column":0},"end":{"line":8,"column":16}},"9":{"start":{"line":17,"column":4},"end":{"line":17,"column":null}},"10":{"start":{"line":18,"column":4},"end":{"line":18,"column":null}},"11":{"start":{"line":18,"column":27},"end":{"line":18,"column":84}},"12":{"start":{"line":18,"column":102},"end":{"line":18,"column":123}},"13":{"start":{"line":16,"column":0},"end":{"line":16,"column":16}},"14":{"start":{"line":21,"column":0},"end":{"line":21,"column":null}}},"fnMap":{"0":{"name":"handleArgs","decl":{"start":{"line":8,"column":16},"end":{"line":8,"column":26}},"loc":{"start":{"line":8,"column":41},"end":{"line":14,"column":3}}},"1":{"name":"init","decl":{"start":{"line":16,"column":16},"end":{"line":16,"column":20}},"loc":{"start":{"line":16,"column":35},"end":{"line":19,"column":1}}},"2":{"name":"(anonymous_2)","decl":{"start":{"line":18,"column":21},"end":{"line":18,"column":27}},"loc":{"start":{"line":18,"column":21},"end":{"line":18,"column":34}}},"3":{"name":"(anonymous_3)","decl":{"start":{"line":18,"column":91},"end":{"line":18,"column":92}},"loc":{"start":{"line":18,"column":97},"end":{"line":18,"column":109}}}},"branchMap":{"0":{"loc":{"start":{"line":9,"column":4},"end":{"line":12,"column":null}},"type":"if","locations":[{"start":{"line":9,"column":4},"end":{"line":12,"column":null}}]}},"s":{"0":2,"1":2,"2":2,"3":2,"4":4,"5":1,"6":1,"7":3,"8":2,"9":2,"10":2,"11":2,"12":0,"13":2,"14":2},"f":{"0":4,"1":2,"2":2,"3":0},"b":{"0":[1]}}
,"C:\\Entwicklung\\AngularCliUpdateAll\\src\\update-packages.ts": {"path":"C:\\Entwicklung\\AngularCliUpdateAll\\src\\update-packages.ts","statementMap":{"0":{"start":{"line":3,"column":0},"end":{"line":3,"column":37}},"1":{"start":{"line":5,"column":0},"end":{"line":5,"column":124}},"2":{"start":{"line":6,"column":0},"end":{"line":6,"column":35}},"3":{"start":{"line":19,"column":2},"end":{"line":19,"column":null}},"4":{"start":{"line":22,"column":2},"end":{"line":27,"column":null}},"5":{"start":{"line":23,"column":4},"end":{"line":23,"column":26}},"6":{"start":{"line":24,"column":4},"end":{"line":24,"column":45}},"7":{"start":{"line":26,"column":4},"end":{"line":26,"column":43}},"8":{"start":{"line":31,"column":2},"end":{"line":36,"column":null}},"9":{"start":{"line":32,"column":10},"end":{"line":32,"column":63}},"10":{"start":{"line":33,"column":4},"end":{"line":33,"column":99}},"11":{"start":{"line":35,"column":4},"end":{"line":35,"column":63}},"12":{"start":{"line":37,"column":2},"end":{"line":37,"column":60}},"13":{"start":{"line":53,"column":2},"end":{"line":53,"column":35}},"14":{"start":{"line":55,"column":2},"end":{"line":61,"column":null}},"15":{"start":{"line":55,"column":13},"end":{"line":55,"column":28}},"16":{"start":{"line":56,"column":4},"end":{"line":60,"column":null}},"17":{"start":{"line":57,"column":6},"end":{"line":57,"column":62}},"18":{"start":{"line":59,"column":6},"end":{"line":59,"column":63}},"19":{"start":{"line":63,"column":8},"end":{"line":63,"column":42}},"20":{"start":{"line":65,"column":2},"end":{"line":65,"column":44}},"21":{"start":{"line":52,"column":0},"end":{"line":52,"column":22}},"22":{"start":{"line":69,"column":2},"end":{"line":69,"column":62}},"23":{"start":{"line":71,"column":2},"end":{"line":71,"column":41}},"24":{"start":{"line":73,"column":8},"end":{"line":73,"column":42}},"25":{"start":{"line":74,"column":2},"end":{"line":74,"column":44}},"26":{"start":{"line":68,"column":0},"end":{"line":68,"column":22}},"27":{"start":{"line":78,"column":2},"end":{"line":78,"column":31}},"28":{"start":{"line":81,"column":4},"end":{"line":81,"column":null}},"29":{"start":{"line":82,"column":4},"end":{"line":82,"column":49}},"30":{"start":{"line":84,"column":4},"end":{"line":84,"column":57}},"31":{"start":{"line":89,"column":2},"end":{"line":114,"column":5}},"32":{"start":{"line":90,"column":4},"end":{"line":93,"column":null}},"33":{"start":{"line":91,"column":6},"end":{"line":91,"column":25}},"34":{"start":{"line":92,"column":6},"end":{"line":92,"column":13}},"35":{"start":{"line":95,"column":25},"end":{"line":95,"column":48}},"36":{"start":{"line":96,"column":28},"end":{"line":96,"column":54}},"37":{"start":{"line":99,"column":4},"end":{"line":101,"column":null}},"38":{"start":{"line":100,"column":6},"end":{"line":100,"column":65}},"39":{"start":{"line":104,"column":4},"end":{"line":107,"column":null}},"40":{"start":{"line":106,"column":6},"end":{"line":106,"column":71}},"41":{"start":{"line":109,"column":4},"end":{"line":113,"column":7}},"42":{"start":{"line":110,"column":6},"end":{"line":112,"column":null}},"43":{"start":{"line":111,"column":8},"end":{"line":111,"column":27}},"44":{"start":{"line":88,"column":0},"end":{"line":88,"column":16}},"45":{"start":{"line":125,"column":8},"end":{"line":125,"column":37}},"46":{"start":{"line":126,"column":8},"end":{"line":126,"column":30}},"47":{"start":{"line":128,"column":8},"end":{"line":128,"column":108}},"48":{"start":{"line":129,"column":8},"end":{"line":129,"column":117}},"49":{"start":{"line":131,"column":2},"end":{"line":131,"column":67}},"50":{"start":{"line":133,"column":4},"end":{"line":133,"column":43}},"51":{"start":{"line":135,"column":4},"end":{"line":135,"column":80}},"52":{"start":{"line":137,"column":4},"end":{"line":137,"column":55}},"53":{"start":{"line":141,"column":4},"end":{"line":141,"column":46}},"54":{"start":{"line":143,"column":4},"end":{"line":145,"column":6}},"55":{"start":{"line":147,"column":4},"end":{"line":147,"column":61}},"56":{"start":{"line":150,"column":2},"end":{"line":152,"column":null}},"57":{"start":{"line":151,"column":4},"end":{"line":151,"column":39}},"58":{"start":{"line":154,"column":2},"end":{"line":154,"column":22}},"59":{"start":{"line":123,"column":0},"end":{"line":123,"column":22}},"60":{"start":{"line":158,"column":0},"end":{"line":158,"column":30}},"61":{"start":{"line":159,"column":0},"end":{"line":159,"column":48}},"62":{"start":{"line":160,"column":0},"end":{"line":160,"column":40}}},"fnMap":{"0":{"name":"stageAndCommitChanges","decl":{"start":{"line":18,"column":15},"end":{"line":18,"column":36}},"loc":{"start":{"line":18,"column":56},"end":{"line":28,"column":null}}},"1":{"name":"updateAngular","decl":{"start":{"line":30,"column":15},"end":{"line":30,"column":28}},"loc":{"start":{"line":30,"column":87},"end":{"line":38,"column":null}}},"2":{"name":"updatePackages","decl":{"start":{"line":52,"column":22},"end":{"line":52,"column":36}},"loc":{"start":{"line":52,"column":69},"end":{"line":66,"column":null}}},"3":{"name":"updatePackagesFast","decl":{"start":{"line":68,"column":22},"end":{"line":68,"column":40}},"loc":{"start":{"line":68,"column":59},"end":{"line":75,"column":null}}},"4":{"name":"npmAuditFix","decl":{"start":{"line":77,"column":15},"end":{"line":77,"column":26}},"loc":{"start":{"line":77,"column":26},"end":{"line":86,"column":null}}},"5":{"name":"removeVersionIcons","decl":{"start":{"line":88,"column":16},"end":{"line":88,"column":34}},"loc":{"start":{"line":88,"column":51},"end":{"line":115,"column":1}}},"6":{"name":"(anonymous_36)","decl":{"start":{"line":89,"column":30},"end":{"line":89,"column":39}},"loc":{"start":{"line":89,"column":67},"end":{"line":114,"column":3}}},"7":{"name":"(anonymous_37)","decl":{"start":{"line":109,"column":60},"end":{"line":109,"column":70}},"loc":{"start":{"line":109,"column":73},"end":{"line":113,"column":5}}},"8":{"name":"updateAll","decl":{"start":{"line":123,"column":22},"end":{"line":123,"column":31}},"loc":{"start":{"line":123,"column":31},"end":{"line":155,"column":null}}}},"branchMap":{"0":{"loc":{"start":{"line":31,"column":2},"end":{"line":36,"column":null}},"type":"if","locations":[{"start":{"line":31,"column":2},"end":{"line":36,"column":null}},{"start":{"line":34,"column":9},"end":{"line":36,"column":null}}]},"1":{"loc":{"start":{"line":90,"column":4},"end":{"line":93,"column":null}},"type":"if","locations":[{"start":{"line":90,"column":4},"end":{"line":93,"column":null}}]},"2":{"loc":{"start":{"line":110,"column":6},"end":{"line":112,"column":null}},"type":"if","locations":[{"start":{"line":110,"column":6},"end":{"line":112,"column":null}}]},"3":{"loc":{"start":{"line":150,"column":2},"end":{"line":152,"column":null}},"type":"if","locations":[{"start":{"line":150,"column":2},"end":{"line":152,"column":null}}]}},"s":{"0":1,"1":1,"2":1,"3":7,"4":7,"5":7,"6":7,"7":0,"8":1,"9":0,"10":0,"11":1,"12":2,"13":2,"14":2,"15":6,"16":6,"17":6,"18":1,"19":2,"20":4,"21":1,"22":3,"23":3,"24":3,"25":6,"26":1,"27":1,"28":1,"29":2,"30":0,"31":1,"32":1,"33":0,"34":0,"35":1,"36":1,"37":1,"38":2,"39":1,"40":2,"41":1,"42":1,"43":0,"44":1,"45":1,"46":1,"47":1,"48":1,"49":2,"50":2,"51":0,"52":0,"53":2,"54":0,"55":0,"56":1,"57":0,"58":2,"59":1,"60":1,"61":1,"62":1},"f":{"0":7,"1":1,"2":2,"3":3,"4":1,"5":1,"6":1,"7":1,"8":1},"b":{"0":[0,1],"1":[0],"2":[0],"3":[0]}}
,"C:\\Entwicklung\\AngularCliUpdateAll\\src\\utility.ts": {"path":"C:\\Entwicklung\\AngularCliUpdateAll\\src\\utility.ts","statementMap":{"0":{"start":{"line":1,"column":0},"end":{"line":1,"column":36}},"1":{"start":{"line":2,"column":0},"end":{"line":2,"column":25}},"2":{"start":{"line":4,"column":0},"end":{"line":4,"column":29}},"3":{"start":{"line":8,"column":21},"end":{"line":8,"column":69}},"4":{"start":{"line":9,"column":2},"end":{"line":9,"column":75}},"5":{"start":{"line":7,"column":0},"end":{"line":7,"column":16}},"6":{"start":{"line":13,"column":21},"end":{"line":13,"column":69}},"7":{"start":{"line":14,"column":2},"end":{"line":14,"column":75}},"8":{"start":{"line":12,"column":0},"end":{"line":12,"column":16}},"9":{"start":{"line":18,"column":21},"end":{"line":18,"column":69}},"10":{"start":{"line":19,"column":2},"end":{"line":19,"column":76}},"11":{"start":{"line":17,"column":0},"end":{"line":17,"column":16}},"12":{"start":{"line":23,"column":2},"end":{"line":23,"column":62}},"13":{"start":{"line":22,"column":0},"end":{"line":22,"column":16}},"14":{"start":{"line":27,"column":17},"end":{"line":27,"column":33}},"15":{"start":{"line":28,"column":2},"end":{"line":33,"column":null}},"16":{"start":{"line":29,"column":4},"end":{"line":29,"column":51}},"17":{"start":{"line":30,"column":4},"end":{"line":30,"column":52}},"18":{"start":{"line":31,"column":4},"end":{"line":31,"column":54}},"19":{"start":{"line":32,"column":4},"end":{"line":32,"column":55}},"20":{"start":{"line":34,"column":2},"end":{"line":34,"column":16}},"21":{"start":{"line":26,"column":0},"end":{"line":26,"column":16}},"22":{"start":{"line":38,"column":2},"end":{"line":48,"column":null}},"23":{"start":{"line":39,"column":4},"end":{"line":39,"column":70}},"24":{"start":{"line":41,"column":4},"end":{"line":41,"column":null}},"25":{"start":{"line":42,"column":4},"end":{"line":47,"column":null}},"26":{"start":{"line":37,"column":0},"end":{"line":37,"column":16}},"27":{"start":{"line":52,"column":2},"end":{"line":52,"column":73}},"28":{"start":{"line":52,"column":38},"end":{"line":52,"column":72}},"29":{"start":{"line":51,"column":0},"end":{"line":51,"column":16}},"30":{"start":{"line":56,"column":25},"end":{"line":56,"column":114}},"31":{"start":{"line":57,"column":2},"end":{"line":59,"column":null}},"32":{"start":{"line":58,"column":4},"end":{"line":58,"column":16}},"33":{"start":{"line":60,"column":31},"end":{"line":60,"column":69}},"34":{"start":{"line":61,"column":30},"end":{"line":61,"column":64}},"35":{"start":{"line":62,"column":2},"end":{"line":62,"column":29}},"36":{"start":{"line":55,"column":0},"end":{"line":55,"column":16}}},"fnMap":{"0":{"name":"npmSync","decl":{"start":{"line":7,"column":16},"end":{"line":7,"column":23}},"loc":{"start":{"line":7,"column":38},"end":{"line":10,"column":1}}},"1":{"name":"npxSync","decl":{"start":{"line":12,"column":16},"end":{"line":12,"column":23}},"loc":{"start":{"line":12,"column":38},"end":{"line":15,"column":1}}},"2":{"name":"gitSync","decl":{"start":{"line":17,"column":16},"end":{"line":17,"column":23}},"loc":{"start":{"line":17,"column":38},"end":{"line":20,"column":1}}},"3":{"name":"loadPackages","decl":{"start":{"line":22,"column":16},"end":{"line":22,"column":28}},"loc":{"start":{"line":22,"column":28},"end":{"line":24,"column":1}}},"4":{"name":"loadConfig","decl":{"start":{"line":26,"column":16},"end":{"line":26,"column":26}},"loc":{"start":{"line":26,"column":26},"end":{"line":35,"column":1}}},"5":{"name":"loadConfigFile","decl":{"start":{"line":37,"column":16},"end":{"line":37,"column":30}},"loc":{"start":{"line":37,"column":30},"end":{"line":49,"column":1}}},"6":{"name":"filterDependancies","decl":{"start":{"line":51,"column":16},"end":{"line":51,"column":34}},"loc":{"start":{"line":51,"column":87},"end":{"line":53,"column":1}}},"7":{"name":"(anonymous_13)","decl":{"start":{"line":52,"column":29},"end":{"line":52,"column":30}},"loc":{"start":{"line":52,"column":33},"end":{"line":52,"column":39}}},"8":{"name":"getAngularMayorVersion","decl":{"start":{"line":55,"column":16},"end":{"line":55,"column":38}},"loc":{"start":{"line":55,"column":63},"end":{"line":63,"column":1}}}},"branchMap":{"0":{"loc":{"start":{"line":8,"column":21},"end":{"line":8,"column":69}},"type":"cond-expr","locations":[{"start":{"line":8,"column":52},"end":{"line":8,"column":61}},{"start":{"line":8,"column":64},"end":{"line":8,"column":69}}]},"1":{"loc":{"start":{"line":13,"column":21},"end":{"line":13,"column":69}},"type":"cond-expr","locations":[{"start":{"line":13,"column":52},"end":{"line":13,"column":61}},{"start":{"line":13,"column":64},"end":{"line":13,"column":69}}]},"2":{"loc":{"start":{"line":18,"column":21},"end":{"line":18,"column":69}},"type":"cond-expr","locations":[{"start":{"line":18,"column":52},"end":{"line":18,"column":61}},{"start":{"line":18,"column":64},"end":{"line":18,"column":69}}]},"3":{"loc":{"start":{"line":28,"column":2},"end":{"line":33,"column":null}},"type":"if","locations":[{"start":{"line":28,"column":2},"end":{"line":33,"column":null}}]},"4":{"loc":{"start":{"line":56,"column":25},"end":{"line":56,"column":114}},"type":"binary-expr","locations":[{"start":{"line":56,"column":25},"end":{"line":56,"column":66}},{"start":{"line":56,"column":70},"end":{"line":56,"column":114}}]},"5":{"loc":{"start":{"line":57,"column":2},"end":{"line":59,"column":null}},"type":"if","locations":[{"start":{"line":57,"column":2},"end":{"line":59,"column":null}}]}},"s":{"0":1,"1":1,"2":1,"3":2,"4":2,"5":1,"6":2,"7":2,"8":1,"9":2,"10":2,"11":1,"12":0,"13":1,"14":1,"15":1,"16":1,"17":1,"18":1,"19":1,"20":1,"21":1,"22":3,"23":3,"24":2,"25":2,"26":1,"27":3,"28":9,"29":1,"30":3,"31":3,"32":1,"33":2,"34":2,"35":2,"36":1},"f":{"0":2,"1":2,"2":2,"3":0,"4":1,"5":3,"6":3,"7":9,"8":3},"b":{"0":[1,1],"1":[1,1],"2":[1,1],"3":[1],"4":[3,2],"5":[1]}}
}
