{"C:\\Entwicklung\\AngularCliUpdateAll\\src\\cli.ts": {"path":"C:\\Entwicklung\\AngularCliUpdateAll\\src\\cli.ts","statementMap":{"0":{"start":{"line":2,"column":0},"end":{"line":2,"column":46}},"1":{"start":{"line":3,"column":0},"end":{"line":3,"column":42}},"2":{"start":{"line":4,"column":0},"end":{"line":4,"column":41}},"3":{"start":{"line":7,"column":4},"end":{"line":10,"column":null}},"4":{"start":{"line":8,"column":6},"end":{"line":8,"column":null}},"5":{"start":{"line":9,"column":6},"end":{"line":9,"column":19}},"6":{"start":{"line":11,"column":4},"end":{"line":11,"column":16}},"7":{"start":{"line":6,"column":0},"end":{"line":6,"column":16}},"8":{"start":{"line":15,"column":4},"end":{"line":15,"column":null}},"9":{"start":{"line":16,"column":4},"end":{"line":16,"column":null}},"10":{"start":{"line":16,"column":27},"end":{"line":16,"column":73}},"11":{"start":{"line":16,"column":92},"end":{"line":16,"column":111}},"12":{"start":{"line":14,"column":0},"end":{"line":14,"column":16}}},"fnMap":{"0":{"name":"handleArgs","decl":{"start":{"line":6,"column":16},"end":{"line":6,"column":26}},"loc":{"start":{"line":6,"column":41},"end":{"line":12,"column":3}}},"1":{"name":"init","decl":{"start":{"line":14,"column":16},"end":{"line":14,"column":20}},"loc":{"start":{"line":14,"column":35},"end":{"line":17,"column":1}}},"2":{"name":"(anonymous_2)","decl":{"start":{"line":16,"column":21},"end":{"line":16,"column":24}},"loc":{"start":{"line":16,"column":27},"end":{"line":16,"column":73}}},"3":{"name":"(anonymous_3)","decl":{"start":{"line":16,"column":81},"end":{"line":16,"column":82}},"loc":{"start":{"line":16,"column":92},"end":{"line":16,"column":111}}}},"branchMap":{"0":{"loc":{"start":{"line":7,"column":4},"end":{"line":10,"column":null}},"type":"if","locations":[{"start":{"line":7,"column":4},"end":{"line":10,"column":null}}]}},"s":{"0":1,"1":1,"2":1,"3":3,"4":1,"5":1,"6":2,"7":1,"8":1,"9":1,"10":1,"11":0,"12":1},"f":{"0":3,"1":1,"2":1,"3":0},"b":{"0":[1]}}
,"C:\\Entwicklung\\AngularCliUpdateAll\\src\\console-output.ts": {"path":"C:\\Entwicklung\\AngularCliUpdateAll\\src\\console-output.ts","statementMap":{"0":{"start":{"line":1,"column":0},"end":{"line":1,"column":48}},"1":{"start":{"line":2,"column":0},"end":{"line":2,"column":40}},"2":{"start":{"line":6,"column":8},"end":{"line":6,"column":null}},"3":{"start":{"line":10,"column":8},"end":{"line":10,"column":null}},"4":{"start":{"line":14,"column":8},"end":{"line":14,"column":null}},"5":{"start":{"line":18,"column":8},"end":{"line":18,"column":null}},"6":{"start":{"line":22,"column":8},"end":{"line":22,"column":null}},"7":{"start":{"line":26,"column":8},"end":{"line":26,"column":null}},"8":{"start":{"line":4,"column":0},"end":{"line":4,"column":22}},"9":{"start":{"line":32,"column":8},"end":{"line":32,"column":84}},"10":{"start":{"line":36,"column":8},"end":{"line":36,"column":70}},"11":{"start":{"line":40,"column":8},"end":{"line":40,"column":127}},"12":{"start":{"line":44,"column":8},"end":{"line":44,"column":83}},"13":{"start":{"line":30,"column":0},"end":{"line":30,"column":22}}},"fnMap":{"0":{"name":"(anonymous_0)","decl":{"start":{"line":5,"column":4},"end":{"line":5,"column":10}},"loc":{"start":{"line":5,"column":30},"end":{"line":7,"column":5}}},"1":{"name":"(anonymous_1)","decl":{"start":{"line":9,"column":4},"end":{"line":9,"column":10}},"loc":{"start":{"line":9,"column":42},"end":{"line":11,"column":5}}},"2":{"name":"(anonymous_2)","decl":{"start":{"line":13,"column":4},"end":{"line":13,"column":10}},"loc":{"start":{"line":13,"column":30},"end":{"line":15,"column":5}}},"3":{"name":"(anonymous_3)","decl":{"start":{"line":17,"column":4},"end":{"line":17,"column":10}},"loc":{"start":{"line":17,"column":29},"end":{"line":19,"column":5}}},"4":{"name":"(anonymous_4)","decl":{"start":{"line":21,"column":4},"end":{"line":21,"column":10}},"loc":{"start":{"line":21,"column":34},"end":{"line":23,"column":5}}},"5":{"name":"(anonymous_5)","decl":{"start":{"line":25,"column":4},"end":{"line":25,"column":10}},"loc":{"start":{"line":25,"column":28},"end":{"line":27,"column":5}}},"6":{"name":"(anonymous_6)","decl":{"start":{"line":31,"column":4},"end":{"line":31,"column":10}},"loc":{"start":{"line":31,"column":37},"end":{"line":33,"column":5}}},"7":{"name":"(anonymous_7)","decl":{"start":{"line":35,"column":4},"end":{"line":35,"column":10}},"loc":{"start":{"line":35,"column":36},"end":{"line":37,"column":5}}},"8":{"name":"(anonymous_8)","decl":{"start":{"line":39,"column":4},"end":{"line":39,"column":10}},"loc":{"start":{"line":39,"column":63},"end":{"line":41,"column":5}}},"9":{"name":"(anonymous_9)","decl":{"start":{"line":43,"column":4},"end":{"line":43,"column":10}},"loc":{"start":{"line":43,"column":37},"end":{"line":45,"column":5}}}},"branchMap":{},"s":{"0":5,"1":5,"2":1,"3":1,"4":3,"5":4,"6":18,"7":4,"8":5,"9":12,"10":3,"11":2,"12":1,"13":5},"f":{"0":1,"1":1,"2":3,"3":4,"4":18,"5":4,"6":12,"7":3,"8":2,"9":1},"b":{}}
,"C:\\Entwicklung\\AngularCliUpdateAll\\src\\update-packages.ts": {"path":"C:\\Entwicklung\\AngularCliUpdateAll\\src\\update-packages.ts","statementMap":{"0":{"start":{"line":3,"column":0},"end":{"line":3,"column":25}},"1":{"start":{"line":5,"column":0},"end":{"line":5,"column":124}},"2":{"start":{"line":6,"column":0},"end":{"line":6,"column":56}},"3":{"start":{"line":7,"column":0},"end":{"line":7,"column":41}},"4":{"start":{"line":11,"column":2},"end":{"line":11,"column":35}},"5":{"start":{"line":12,"column":2},"end":{"line":12,"column":24}},"6":{"start":{"line":14,"column":2},"end":{"line":14,"column":41}},"7":{"start":{"line":10,"column":0},"end":{"line":10,"column":7}},"8":{"start":{"line":19,"column":2},"end":{"line":24,"column":null}},"9":{"start":{"line":20,"column":27},"end":{"line":20,"column":62}},"10":{"start":{"line":21,"column":4},"end":{"line":21,"column":99}},"11":{"start":{"line":23,"column":4},"end":{"line":23,"column":63}},"12":{"start":{"line":25,"column":2},"end":{"line":25,"column":60}},"13":{"start":{"line":18,"column":0},"end":{"line":18,"column":7}},"14":{"start":{"line":29,"column":2},"end":{"line":29,"column":34}},"15":{"start":{"line":31,"column":2},"end":{"line":39,"column":null}},"16":{"start":{"line":32,"column":4},"end":{"line":38,"column":null}},"17":{"start":{"line":33,"column":6},"end":{"line":33,"column":62}},"18":{"start":{"line":35,"column":6},"end":{"line":37,"column":null}},"19":{"start":{"line":36,"column":8},"end":{"line":36,"column":60}},"20":{"start":{"line":41,"column":23},"end":{"line":41,"column":41}},"21":{"start":{"line":43,"column":2},"end":{"line":43,"column":44}},"22":{"start":{"line":28,"column":0},"end":{"line":28,"column":7}},"23":{"start":{"line":47,"column":2},"end":{"line":47,"column":null}},"24":{"start":{"line":49,"column":2},"end":{"line":49,"column":41}},"25":{"start":{"line":51,"column":23},"end":{"line":51,"column":41}},"26":{"start":{"line":52,"column":2},"end":{"line":52,"column":44}},"27":{"start":{"line":46,"column":0},"end":{"line":46,"column":7}},"28":{"start":{"line":56,"column":2},"end":{"line":56,"column":50}},"29":{"start":{"line":58,"column":2},"end":{"line":66,"column":null}},"30":{"start":{"line":59,"column":4},"end":{"line":59,"column":null}},"31":{"start":{"line":60,"column":4},"end":{"line":60,"column":49}},"32":{"start":{"line":62,"column":4},"end":{"line":64,"column":null}},"33":{"start":{"line":63,"column":6},"end":{"line":63,"column":40}},"34":{"start":{"line":55,"column":0},"end":{"line":55,"column":7}},"35":{"start":{"line":73,"column":21},"end":{"line":73,"column":67}},"36":{"start":{"line":76,"column":23},"end":{"line":76,"column":46}},"37":{"start":{"line":77,"column":26},"end":{"line":77,"column":52}},"38":{"start":{"line":80,"column":2},"end":{"line":83,"column":null}},"39":{"start":{"line":82,"column":4},"end":{"line":82,"column":63}},"40":{"start":{"line":86,"column":2},"end":{"line":89,"column":null}},"41":{"start":{"line":88,"column":4},"end":{"line":88,"column":69}},"42":{"start":{"line":92,"column":2},"end":{"line":92,"column":66}},"43":{"start":{"line":71,"column":0},"end":{"line":71,"column":16}},"44":{"start":{"line":104,"column":22},"end":{"line":104,"column":36}},"45":{"start":{"line":105,"column":17},"end":{"line":105,"column":40}},"46":{"start":{"line":107,"column":23},"end":{"line":107,"column":107}},"47":{"start":{"line":108,"column":26},"end":{"line":108,"column":116}},"48":{"start":{"line":110,"column":2},"end":{"line":110,"column":67}},"49":{"start":{"line":111,"column":2},"end":{"line":117,"column":null}},"50":{"start":{"line":112,"column":4},"end":{"line":112,"column":43}},"51":{"start":{"line":114,"column":4},"end":{"line":114,"column":47}},"52":{"start":{"line":116,"column":4},"end":{"line":116,"column":55}},"53":{"start":{"line":119,"column":2},"end":{"line":124,"column":null}},"54":{"start":{"line":120,"column":4},"end":{"line":120,"column":46}},"55":{"start":{"line":122,"column":4},"end":{"line":122,"column":47}},"56":{"start":{"line":123,"column":4},"end":{"line":123,"column":61}},"57":{"start":{"line":126,"column":2},"end":{"line":128,"column":null}},"58":{"start":{"line":127,"column":4},"end":{"line":127,"column":44}},"59":{"start":{"line":130,"column":2},"end":{"line":130,"column":22}},"60":{"start":{"line":102,"column":0},"end":{"line":102,"column":7}},"61":{"start":{"line":134,"column":0},"end":{"line":134,"column":30}},"62":{"start":{"line":135,"column":0},"end":{"line":135,"column":48}},"63":{"start":{"line":136,"column":0},"end":{"line":136,"column":40}}},"fnMap":{"0":{"name":"stageAndCommitChanges","decl":{"start":{"line":10,"column":22},"end":{"line":10,"column":43}},"loc":{"start":{"line":10,"column":63},"end":{"line":16,"column":1}}},"1":{"name":"updateAngular","decl":{"start":{"line":18,"column":22},"end":{"line":18,"column":35}},"loc":{"start":{"line":18,"column":94},"end":{"line":26,"column":1}}},"2":{"name":"updatePackages","decl":{"start":{"line":28,"column":22},"end":{"line":28,"column":36}},"loc":{"start":{"line":28,"column":69},"end":{"line":44,"column":1}}},"3":{"name":"updatePackagesFast","decl":{"start":{"line":46,"column":22},"end":{"line":46,"column":40}},"loc":{"start":{"line":46,"column":59},"end":{"line":53,"column":1}}},"4":{"name":"npmAuditFix","decl":{"start":{"line":55,"column":22},"end":{"line":55,"column":33}},"loc":{"start":{"line":55,"column":33},"end":{"line":67,"column":1}}},"5":{"name":"removeVersioningSymbols","decl":{"start":{"line":71,"column":16},"end":{"line":71,"column":39}},"loc":{"start":{"line":71,"column":56},"end":{"line":93,"column":1}}},"6":{"name":"updateAll","decl":{"start":{"line":102,"column":22},"end":{"line":102,"column":31}},"loc":{"start":{"line":102,"column":31},"end":{"line":131,"column":1}}}},"branchMap":{"0":{"loc":{"start":{"line":19,"column":2},"end":{"line":24,"column":null}},"type":"if","locations":[{"start":{"line":19,"column":2},"end":{"line":24,"column":null}},{"start":{"line":22,"column":9},"end":{"line":24,"column":null}}]},"1":{"loc":{"start":{"line":35,"column":6},"end":{"line":37,"column":null}},"type":"if","locations":[{"start":{"line":35,"column":6},"end":{"line":37,"column":null}}]},"2":{"loc":{"start":{"line":62,"column":4},"end":{"line":64,"column":null}},"type":"if","locations":[{"start":{"line":62,"column":4},"end":{"line":64,"column":null}}]},"3":{"loc":{"start":{"line":126,"column":2},"end":{"line":128,"column":null}},"type":"if","locations":[{"start":{"line":126,"column":2},"end":{"line":128,"column":null}}]}},"s":{"0":3,"1":3,"2":3,"3":3,"4":11,"5":11,"6":11,"7":3,"8":3,"9":1,"10":1,"11":2,"12":3,"13":3,"14":2,"15":2,"16":6,"17":6,"18":1,"19":1,"20":2,"21":2,"22":3,"23":3,"24":3,"25":3,"26":3,"27":3,"28":2,"29":2,"30":2,"31":2,"32":0,"33":0,"34":3,"35":2,"36":2,"37":2,"38":2,"39":13,"40":2,"41":13,"42":2,"43":3,"44":1,"45":1,"46":1,"47":1,"48":1,"49":1,"50":1,"51":0,"52":0,"53":1,"54":1,"55":0,"56":0,"57":1,"58":0,"59":1,"60":3,"61":3,"62":3,"63":3},"f":{"0":11,"1":3,"2":2,"3":3,"4":2,"5":2,"6":1},"b":{"0":[1,2],"1":[1],"2":[0],"3":[0]}}
,"C:\\Entwicklung\\AngularCliUpdateAll\\src\\utility.ts": {"path":"C:\\Entwicklung\\AngularCliUpdateAll\\src\\utility.ts","statementMap":{"0":{"start":{"line":1,"column":0},"end":{"line":1,"column":36}},"1":{"start":{"line":2,"column":0},"end":{"line":2,"column":25}},"2":{"start":{"line":4,"column":0},"end":{"line":4,"column":42}},"3":{"start":{"line":5,"column":0},"end":{"line":5,"column":41}},"4":{"start":{"line":9,"column":21},"end":{"line":9,"column":69}},"5":{"start":{"line":10,"column":2},"end":{"line":10,"column":75}},"6":{"start":{"line":8,"column":0},"end":{"line":8,"column":16}},"7":{"start":{"line":14,"column":21},"end":{"line":14,"column":69}},"8":{"start":{"line":15,"column":2},"end":{"line":15,"column":75}},"9":{"start":{"line":13,"column":0},"end":{"line":13,"column":16}},"10":{"start":{"line":19,"column":2},"end":{"line":19,"column":71}},"11":{"start":{"line":18,"column":0},"end":{"line":18,"column":16}},"12":{"start":{"line":23,"column":2},"end":{"line":23,"column":62}},"13":{"start":{"line":22,"column":0},"end":{"line":22,"column":16}},"14":{"start":{"line":27,"column":17},"end":{"line":27,"column":33}},"15":{"start":{"line":28,"column":2},"end":{"line":31,"column":null}},"16":{"start":{"line":29,"column":4},"end":{"line":29,"column":112}},"17":{"start":{"line":30,"column":4},"end":{"line":30,"column":121}},"18":{"start":{"line":32,"column":2},"end":{"line":32,"column":16}},"19":{"start":{"line":26,"column":0},"end":{"line":26,"column":16}},"20":{"start":{"line":36,"column":2},"end":{"line":40,"column":5}},"21":{"start":{"line":37,"column":4},"end":{"line":39,"column":null}},"22":{"start":{"line":38,"column":6},"end":{"line":38,"column":27}},"23":{"start":{"line":41,"column":2},"end":{"line":41,"column":20}},"24":{"start":{"line":45,"column":2},"end":{"line":55,"column":null}},"25":{"start":{"line":46,"column":4},"end":{"line":46,"column":70}},"26":{"start":{"line":48,"column":4},"end":{"line":48,"column":49}},"27":{"start":{"line":49,"column":4},"end":{"line":54,"column":null}},"28":{"start":{"line":44,"column":0},"end":{"line":44,"column":16}},"29":{"start":{"line":59,"column":2},"end":{"line":59,"column":73}},"30":{"start":{"line":59,"column":38},"end":{"line":59,"column":71}},"31":{"start":{"line":58,"column":0},"end":{"line":58,"column":16}},"32":{"start":{"line":63,"column":25},"end":{"line":63,"column":114}},"33":{"start":{"line":64,"column":2},"end":{"line":66,"column":null}},"34":{"start":{"line":65,"column":4},"end":{"line":65,"column":16}},"35":{"start":{"line":67,"column":31},"end":{"line":67,"column":69}},"36":{"start":{"line":68,"column":30},"end":{"line":68,"column":64}},"37":{"start":{"line":69,"column":2},"end":{"line":69,"column":29}},"38":{"start":{"line":62,"column":0},"end":{"line":62,"column":16}}},"fnMap":{"0":{"name":"npmSync","decl":{"start":{"line":8,"column":16},"end":{"line":8,"column":23}},"loc":{"start":{"line":8,"column":38},"end":{"line":11,"column":1}}},"1":{"name":"npxSync","decl":{"start":{"line":13,"column":16},"end":{"line":13,"column":23}},"loc":{"start":{"line":13,"column":38},"end":{"line":16,"column":1}}},"2":{"name":"gitSync","decl":{"start":{"line":18,"column":16},"end":{"line":18,"column":23}},"loc":{"start":{"line":18,"column":38},"end":{"line":20,"column":1}}},"3":{"name":"loadPackages","decl":{"start":{"line":22,"column":16},"end":{"line":22,"column":28}},"loc":{"start":{"line":22,"column":28},"end":{"line":24,"column":1}}},"4":{"name":"loadConfig","decl":{"start":{"line":26,"column":16},"end":{"line":26,"column":26}},"loc":{"start":{"line":26,"column":51},"end":{"line":33,"column":1}}},"5":{"name":"filterAngular","decl":{"start":{"line":35,"column":9},"end":{"line":35,"column":22}},"loc":{"start":{"line":35,"column":62},"end":{"line":42,"column":1}}},"6":{"name":"(anonymous_12)","decl":{"start":{"line":36,"column":18},"end":{"line":36,"column":19}},"loc":{"start":{"line":36,"column":26},"end":{"line":40,"column":3}}},"7":{"name":"loadConfigFile","decl":{"start":{"line":44,"column":16},"end":{"line":44,"column":30}},"loc":{"start":{"line":44,"column":30},"end":{"line":56,"column":1}}},"8":{"name":"filterDependancies","decl":{"start":{"line":58,"column":16},"end":{"line":58,"column":34}},"loc":{"start":{"line":58,"column":87},"end":{"line":60,"column":1}}},"9":{"name":"(anonymous_15)","decl":{"start":{"line":59,"column":29},"end":{"line":59,"column":30}},"loc":{"start":{"line":59,"column":38},"end":{"line":59,"column":71}}},"10":{"name":"getAngularMayorVersion","decl":{"start":{"line":62,"column":16},"end":{"line":62,"column":38}},"loc":{"start":{"line":62,"column":63},"end":{"line":70,"column":1}}}},"branchMap":{"0":{"loc":{"start":{"line":9,"column":21},"end":{"line":9,"column":69}},"type":"cond-expr","locations":[{"start":{"line":9,"column":52},"end":{"line":9,"column":61}},{"start":{"line":9,"column":64},"end":{"line":9,"column":69}}]},"1":{"loc":{"start":{"line":14,"column":21},"end":{"line":14,"column":69}},"type":"cond-expr","locations":[{"start":{"line":14,"column":52},"end":{"line":14,"column":61}},{"start":{"line":14,"column":64},"end":{"line":14,"column":69}}]},"2":{"loc":{"start":{"line":28,"column":2},"end":{"line":31,"column":null}},"type":"if","locations":[{"start":{"line":28,"column":2},"end":{"line":31,"column":null}}]},"3":{"loc":{"start":{"line":37,"column":4},"end":{"line":39,"column":null}},"type":"if","locations":[{"start":{"line":37,"column":4},"end":{"line":39,"column":null}}]},"4":{"loc":{"start":{"line":63,"column":25},"end":{"line":63,"column":114}},"type":"binary-expr","locations":[{"start":{"line":63,"column":25},"end":{"line":63,"column":66}},{"start":{"line":63,"column":70},"end":{"line":63,"column":114}}]},"5":{"loc":{"start":{"line":64,"column":2},"end":{"line":66,"column":null}},"type":"if","locations":[{"start":{"line":64,"column":2},"end":{"line":66,"column":null}}]}},"s":{"0":3,"1":3,"2":3,"3":3,"4":2,"5":2,"6":3,"7":2,"8":2,"9":3,"10":1,"11":3,"12":1,"13":3,"14":1,"15":1,"16":1,"17":1,"18":1,"19":3,"20":2,"21":4,"22":4,"23":2,"24":3,"25":3,"26":2,"27":2,"28":3,"29":3,"30":9,"31":3,"32":3,"33":3,"34":1,"35":2,"36":2,"37":2,"38":3},"f":{"0":2,"1":2,"2":1,"3":1,"4":1,"5":2,"6":4,"7":3,"8":3,"9":9,"10":3},"b":{"0":[1,1],"1":[1,1],"2":[1],"3":[4],"4":[3,2],"5":[1]}}
,"C:\\Entwicklung\\AngularCliUpdateAll\\src\\model\\text-en.ts": {"path":"C:\\Entwicklung\\AngularCliUpdateAll\\src\\model\\text-en.ts","statementMap":{"0":{"start":{"line":1,"column":0},"end":{"line":1,"column":null}},"1":{"start":{"line":2,"column":4},"end":{"line":2,"column":null}},"2":{"start":{"line":3,"column":4},"end":{"line":3,"column":null}},"3":{"start":{"line":4,"column":4},"end":{"line":13,"column":null}},"4":{"start":{"line":14,"column":4},"end":{"line":14,"column":null}},"5":{"start":{"line":15,"column":4},"end":{"line":15,"column":null}},"6":{"start":{"line":16,"column":4},"end":{"line":16,"column":null}},"7":{"start":{"line":17,"column":4},"end":{"line":17,"column":null}},"8":{"start":{"line":18,"column":4},"end":{"line":18,"column":null}},"9":{"start":{"line":19,"column":4},"end":{"line":19,"column":null}},"10":{"start":{"line":20,"column":4},"end":{"line":20,"column":null}}},"fnMap":{"0":{"name":"(anonymous_0)","decl":{"start":{"line":1,"column":0},"end":{"line":1,"column":12}},"loc":{"start":{"line":1,"column":18},"end":{"line":21,"column":1}}}},"branchMap":{"0":{"loc":{"start":{"line":1,"column":12},"end":{"line":1,"column":null}},"type":"binary-expr","locations":[{"start":{"line":1,"column":12},"end":{"line":1,"column":18}},{"start":{"line":1,"column":18},"end":{"line":1,"column":null}}]}},"s":{"0":5,"1":5,"2":5,"3":5,"4":5,"5":5,"6":5,"7":5,"8":5,"9":5,"10":5},"f":{"0":5},"b":{"0":[5,5]}}
}
