TN:
SF:src\cli.ts
FN:7,handleArgs
FN:10,(anonymous_1)
FN:29,init
FN:31,(anonymous_3)
FN:31,(anonymous_4)
FN:35,addConfig
FNF:6
FNH:4
FNDA:3,handleArgs
FNDA:1,(anonymous_1)
FNDA:1,init
FNDA:1,(anonymous_3)
FNDA:0,(anonymous_4)
FNDA:0,addConfig
DA:2,1
DA:3,1
DA:4,1
DA:5,1
DA:7,1
DA:8,3
DA:9,1
DA:10,1
DA:11,1
DA:14,0
DA:15,0
DA:17,0
DA:18,0
DA:19,0
DA:22,1
DA:24,1
DA:26,2
DA:29,1
DA:30,1
DA:31,1
DA:36,0
DA:37,0
DA:38,0
DA:39,0
LF:24
LH:15
BRDA:8,0,0,1
BRDA:11,1,0,0
BRDA:11,1,1,0
BRDA:11,1,2,0
BRDA:11,1,3,1
BRDA:30,2,0,1
BRF:6
BRH:3
end_of_record
TN:
SF:src\console-output.ts
FN:6,(anonymous_0)
FN:10,(anonymous_1)
FN:14,(anonymous_2)
FN:18,(anonymous_3)
FN:22,(anonymous_4)
FN:26,(anonymous_5)
FN:32,(anonymous_6)
FN:36,(anonymous_7)
FN:40,(anonymous_8)
FN:44,(anonymous_9)
FN:48,(anonymous_10)
FNF:11
FNH:10
FNDA:1,(anonymous_0)
FNDA:1,(anonymous_1)
FNDA:1,(anonymous_2)
FNDA:4,(anonymous_3)
FNDA:4,(anonymous_4)
FNDA:4,(anonymous_5)
FNDA:1,(anonymous_6)
FNDA:3,(anonymous_7)
FNDA:2,(anonymous_8)
FNDA:1,(anonymous_9)
FNDA:0,(anonymous_10)
DA:1,6
DA:3,6
DA:5,6
DA:7,1
DA:11,1
DA:15,1
DA:19,4
DA:23,4
DA:27,4
DA:31,6
DA:33,1
DA:37,3
DA:41,2
DA:45,1
DA:49,0
LF:15
LH:14
BRF:0
BRH:0
end_of_record
TN:
SF:src\update-packages.ts
FN:12,stageAndCommitChanges
FN:16,updateAngular
FN:26,updatePackages
FN:45,updatePackagesFast
FN:54,npmAuditFix
FN:62,removeVersioningSymbols
FN:92,updateAll
FNF:7
FNH:6
FNDA:7,stageAndCommitChanges
FNDA:2,updateAngular
FNDA:2,updatePackages
FNDA:1,updatePackagesFast
FNDA:1,npmAuditFix
FNDA:2,removeVersioningSymbols
FNDA:0,updateAll
DA:3,3
DA:5,3
DA:7,3
DA:8,3
DA:12,3
DA:13,7
DA:16,3
DA:17,2
DA:18,1
DA:19,1
DA:21,1
DA:23,2
DA:26,3
DA:28,2
DA:30,2
DA:31,6
DA:32,6
DA:34,1
DA:35,1
DA:40,2
DA:42,2
DA:45,3
DA:46,1
DA:48,1
DA:50,1
DA:51,1
DA:54,3
DA:55,1
DA:56,1
DA:57,1
DA:62,3
DA:64,2
DA:67,2
DA:68,2
DA:71,2
DA:73,13
DA:77,2
DA:79,13
DA:83,2
DA:92,3
DA:94,0
DA:95,0
DA:96,0
DA:98,0
DA:99,0
DA:101,0
DA:102,0
DA:103,0
DA:105,0
DA:107,0
DA:110,0
DA:111,0
DA:113,0
DA:114,0
DA:117,0
DA:118,0
DA:121,0
DA:125,3
DA:126,3
DA:127,3
LF:60
LH:43
BRDA:17,0,0,1
BRDA:17,0,1,1
BRDA:34,1,0,1
BRDA:117,2,0,0
BRF:4
BRH:3
end_of_record
TN:
SF:src\utility.ts
FN:11,npmSync
FN:16,npxSync
FN:21,gitSync
FN:37,loadPackageJson
FN:41,savePackageJson
FN:45,addOrUpdateConfigToPackageJson
FN:50,loadConfig
FN:59,loadConfigFile
FN:67,filterAngular
FN:68,(anonymous_16)
FN:76,filterDependancies
FN:77,(anonymous_18)
FN:80,getAngularMayorVersion
FNF:13
FNH:11
FNDA:2,npmSync
FNDA:2,npxSync
FNDA:2,gitSync
FNDA:1,loadPackageJson
FNDA:0,savePackageJson
FNDA:0,addOrUpdateConfigToPackageJson
FNDA:1,loadConfig
FNDA:3,loadConfigFile
FNDA:2,filterAngular
FNDA:23,(anonymous_16)
FNDA:3,filterDependancies
FNDA:9,(anonymous_18)
FNDA:3,getAngularMayorVersion
DA:1,5
DA:2,5
DA:3,5
DA:5,5
DA:6,5
DA:8,5
DA:11,5
DA:12,2
DA:13,2
DA:16,5
DA:17,2
DA:18,2
DA:21,5
DA:22,2
DA:23,0
DA:24,0
DA:26,2
DA:27,2
DA:28,2
DA:29,2
DA:31,1
DA:32,1
DA:37,5
DA:38,1
DA:41,5
DA:42,0
DA:45,5
DA:46,0
DA:47,0
DA:50,5
DA:51,1
DA:52,1
DA:53,1
DA:54,1
DA:56,1
DA:59,5
DA:60,3
DA:61,2
DA:64,1
DA:68,2
DA:69,23
DA:70,11
DA:73,2
DA:76,5
DA:77,9
DA:80,5
DA:81,3
DA:82,3
DA:83,1
DA:85,2
DA:86,2
DA:87,2
LF:52
LH:47
BRDA:12,0,0,1
BRDA:12,0,1,1
BRDA:17,1,0,1
BRDA:17,1,1,1
BRDA:22,2,0,0
BRDA:31,3,0,1
BRDA:52,4,0,1
BRDA:60,5,0,2
BRDA:60,5,1,1
BRDA:69,6,0,11
BRDA:81,7,0,3
BRDA:81,7,1,2
BRDA:82,8,0,1
BRF:13
BRH:12
end_of_record
TN:
SF:src\model\text-en.ts
FN:1,(anonymous_0)
FNF:1
FNH:1
FNDA:7,(anonymous_0)
DA:1,7
DA:2,7
DA:3,7
DA:4,7
DA:5,7
DA:6,7
DA:16,7
DA:17,7
DA:18,7
DA:19,7
DA:20,7
DA:21,7
DA:22,7
DA:23,7
LF:14
LH:14
BRDA:1,0,0,7
BRDA:1,0,1,7
BRF:2
BRH:2
end_of_record
