TN:
SF:src\cli.ts
FN:6,handleArgs
FN:14,init
FN:16,(anonymous_2)
FN:16,(anonymous_3)
FNF:4
FNH:3
FNDA:3,handleArgs
FNDA:1,init
FNDA:1,(anonymous_2)
FNDA:0,(anonymous_3)
DA:2,1
DA:3,1
DA:4,1
DA:6,1
DA:7,3
DA:8,1
DA:9,1
DA:11,2
DA:14,1
DA:15,1
DA:16,1
LF:11
LH:11
BRDA:7,0,0,1
BRF:1
BRH:1
end_of_record
TN:
SF:src\console-output.ts
FN:5,(anonymous_0)
FN:9,(anonymous_1)
FN:13,(anonymous_2)
FN:17,(anonymous_3)
FN:21,(anonymous_4)
FN:25,(anonymous_5)
FN:31,(anonymous_6)
FN:35,(anonymous_7)
FN:39,(anonymous_8)
FN:43,(anonymous_9)
FNF:10
FNH:10
FNDA:1,(anonymous_0)
FNDA:1,(anonymous_1)
FNDA:3,(anonymous_2)
FNDA:4,(anonymous_3)
FNDA:15,(anonymous_4)
FNDA:4,(anonymous_5)
FNDA:10,(anonymous_6)
FNDA:3,(anonymous_7)
FNDA:2,(anonymous_8)
FNDA:1,(anonymous_9)
DA:1,5
DA:2,5
DA:4,5
DA:6,1
DA:10,1
DA:14,3
DA:18,4
DA:22,15
DA:26,4
DA:30,5
DA:32,10
DA:36,3
DA:40,2
DA:44,1
LF:14
LH:14
BRF:0
BRH:0
end_of_record
TN:
SF:src\update-packages.ts
FN:10,stageAndCommitChanges
FN:20,updateAngular
FN:30,updatePackages
FN:48,updatePackagesFast
FN:57,npmAuditFix
FN:73,removeVersioningSymbols
FN:104,updateAll
FNF:7
FNH:7
FNDA:9,stageAndCommitChanges
FNDA:1,updateAngular
FNDA:2,updatePackages
FNDA:3,updatePackagesFast
FNDA:1,npmAuditFix
FNDA:2,removeVersioningSymbols
FNDA:1,updateAll
DA:3,3
DA:5,3
DA:6,3
DA:7,3
DA:10,3
DA:11,9
DA:12,9
DA:13,9
DA:14,8
DA:16,1
DA:20,3
DA:21,1
DA:22,0
DA:23,0
DA:25,1
DA:27,1
DA:30,3
DA:31,2
DA:33,2
DA:34,6
DA:35,6
DA:37,1
DA:38,1
DA:43,2
DA:45,2
DA:48,3
DA:49,3
DA:51,3
DA:53,3
DA:54,3
DA:58,1
DA:60,1
DA:61,1
DA:62,1
DA:64,0
DA:65,0
DA:73,3
DA:75,2
DA:78,2
DA:79,2
DA:82,2
DA:84,13
DA:88,2
DA:90,13
DA:94,2
DA:104,3
DA:106,1
DA:107,1
DA:109,1
DA:110,1
DA:112,1
DA:113,1
DA:114,1
DA:116,0
DA:118,0
DA:121,1
DA:122,1
DA:124,0
DA:125,0
DA:128,1
DA:129,0
DA:132,1
DA:136,3
DA:137,3
DA:138,3
LF:65
LH:56
BRDA:21,0,0,0
BRDA:21,0,1,1
BRDA:37,1,0,1
BRDA:64,2,0,0
BRDA:128,3,0,0
BRF:5
BRH:2
end_of_record
TN:
SF:src\utility.ts
FN:8,npmSync
FN:13,npxSync
FN:18,gitSync
FN:23,loadPackages
FN:27,loadConfig
FN:36,filterAngular
FN:37,(anonymous_12)
FN:45,loadConfigFile
FN:59,filterDependancies
FN:60,(anonymous_15)
FN:63,getAngularMayorVersion
FNF:11
FNH:11
FNDA:2,npmSync
FNDA:2,npxSync
FNDA:1,gitSync
FNDA:1,loadPackages
FNDA:1,loadConfig
FNDA:2,filterAngular
FNDA:4,(anonymous_12)
FNDA:3,loadConfigFile
FNDA:3,filterDependancies
FNDA:9,(anonymous_15)
FNDA:3,getAngularMayorVersion
DA:1,3
DA:2,3
DA:4,3
DA:5,3
DA:8,3
DA:9,2
DA:10,2
DA:13,3
DA:14,2
DA:15,2
DA:18,3
DA:19,1
DA:20,1
DA:23,3
DA:24,1
DA:27,3
DA:28,1
DA:29,1
DA:30,1
DA:31,1
DA:33,1
DA:37,2
DA:38,4
DA:39,4
DA:42,2
DA:45,3
DA:46,3
DA:47,3
DA:49,2
DA:50,2
DA:59,3
DA:60,9
DA:63,3
DA:64,3
DA:65,3
DA:66,1
DA:68,2
DA:69,2
DA:70,2
LF:39
LH:39
BRDA:9,0,0,1
BRDA:9,0,1,1
BRDA:14,1,0,1
BRDA:14,1,1,1
BRDA:29,2,0,1
BRDA:38,3,0,4
BRDA:64,4,0,3
BRDA:64,4,1,2
BRDA:65,5,0,1
BRF:9
BRH:9
end_of_record
TN:
SF:src\model\text-en.ts
FN:1,(anonymous_0)
FNF:1
FNH:1
FNDA:5,(anonymous_0)
DA:1,5
DA:2,5
DA:3,5
DA:4,5
DA:14,5
DA:15,5
DA:16,5
DA:17,5
DA:18,5
DA:19,5
DA:20,5
LF:11
LH:11
BRDA:1,0,0,5
BRDA:1,0,1,5
BRF:2
BRH:2
end_of_record
